<?xml version="1.0" encoding="UTF-8"?>
<!-- Generated by org.testng.reporters.JUnitReportReporter -->
<testsuite hostname="DESKTOP-7I0OKJG" failures="0" tests="1" name="com.example.exerciseTests" time="13.423" errors="0" timestamp="25 Jul 2021 15:06:49 GMT" skipped="0">
  <testcase classname="com.example.exerciseTests" name="M008_navigateToAboutPage" time="13.423"/>
</testsuite> <!-- com.example.exerciseTests -->
